2020-06-23 20:17:03 2360 [Note] InnoDB: innodb_empty_free_list_algorithm has been changed to legacy because of small buffer pool size. In order to use backoff, increase buffer pool at least up to 20MB.

2020-06-23 20:17:03 2360 [Note] InnoDB: Using mutexes to ref count buffer pool pages
2020-06-23 20:17:03 2360 [Note] InnoDB: The InnoDB memory heap is disabled
2020-06-23 20:17:03 2360 [Note] InnoDB: Mutexes and rw_locks use Windows interlocked functions
2020-06-23 20:17:03 2360 [Note] InnoDB: _mm_lfence() and _mm_sfence() are used for memory barrier
2020-06-23 20:17:03 2360 [Note] InnoDB: Compressed tables use zlib 1.2.3
2020-06-23 20:17:03 2360 [Note] InnoDB: Using generic crc32 instructions
2020-06-23 20:17:03 2360 [Note] InnoDB: Initializing buffer pool, size = 128.0M
2020-06-23 20:17:03 2360 [Note] InnoDB: Completed initialization of buffer pool
2020-06-23 20:17:03 2360 [Note] InnoDB: Highest supported file format is Barracuda.
2020-06-23 20:17:03 2360 [Warning] InnoDB: Resizing redo log from 2*320 to 2*3072 pages, LSN=1835037
2020-06-23 20:17:03 2360 [Warning] InnoDB: Starting to delete and rewrite log files.
2020-06-23 20:17:03 2360 [Note] InnoDB: Setting log file .\ib_logfile101 size to 48 MB
2020-06-23 20:17:03 2360 [Note] InnoDB: Setting log file .\ib_logfile1 size to 48 MB
2020-06-23 20:17:04 2360 [Note] InnoDB: Renaming log file .\ib_logfile101 to .\ib_logfile0
2020-06-23 20:17:04 2360 [Warning] InnoDB: New log files created, LSN=1835532
2020-06-23 20:17:04 2360 [Note] InnoDB: 128 rollback segment(s) are active.
2020-06-23 20:17:04 2360 [Note] InnoDB: Waiting for purge to start
2020-06-23 20:17:04 2360 [Note] InnoDB:  Percona XtraDB (http://www.percona.com) 5.6.39-83.1 started; log sequence number 1835037
2020-06-23 20:17:04 6188 [Note] InnoDB: Dumping buffer pool(s) not yet started
2020-06-23 20:17:04 2360 [Note] Plugin 'FEEDBACK' is disabled.
2020-06-23 20:17:04 2360 [Note] Server socket created on IP: '::'.
2020-06-23 20:17:04 2360 [Note] MySQL: ready for connections.
Version: '10.1.34-MariaDB'  socket: ''  port: 3306  mariadb.org binary distribution
2020-06-23 20:19:11 760 [ERROR] Incorrect definition of table mysql.column_stats: expected column 'min_value' at position 3 to have type varbinary(255), found type varchar(255).
2020-06-23 20:19:11 760 [ERROR] Incorrect definition of table mysql.column_stats: expected column 'max_value' at position 4 to have type varbinary(255), found type varchar(255).
2020-06-23 20:19:11 760 [ERROR] Incorrect definition of table mysql.column_stats: expected column 'min_value' at position 3 to have type varbinary(255), found type varchar(255).
2020-06-23 20:19:11 760 [ERROR] Incorrect definition of table mysql.column_stats: expected column 'max_value' at position 4 to have type varbinary(255), found type varchar(255).
2020-06-23 20:19:11 760 [ERROR] Incorrect definition of table mysql.column_stats: expected column 'min_value' at position 3 to have type varbinary(255), found type varchar(255).
2020-06-23 20:19:11 760 [ERROR] Incorrect definition of table mysql.column_stats: expected column 'max_value' at position 4 to have type varbinary(255), found type varchar(255).
2020-06-23 20:19:11 760 [ERROR] Incorrect definition of table mysql.column_stats: expected column 'min_value' at position 3 to have type varbinary(255), found type varchar(255).
2020-06-23 20:19:11 760 [ERROR] Incorrect definition of table mysql.column_stats: expected column 'max_value' at position 4 to have type varbinary(255), found type varchar(255).
2020-06-23 20:19:11 760 [ERROR] Incorrect definition of table mysql.column_stats: expected column 'min_value' at position 3 to have type varbinary(255), found type varchar(255).
2020-06-23 20:19:11 760 [ERROR] Incorrect definition of table mysql.column_stats: expected column 'max_value' at position 4 to have type varbinary(255), found type varchar(255).
2020-06-23 20:19:11 760 [ERROR] Incorrect definition of table mysql.column_stats: expected column 'min_value' at position 3 to have type varbinary(255), found type varchar(255).
2020-06-23 20:19:11 760 [ERROR] Incorrect definition of table mysql.column_stats: expected column 'max_value' at position 4 to have type varbinary(255), found type varchar(255).
2020-06-23 20:19:11 760 [ERROR] Incorrect definition of table mysql.column_stats: expected column 'min_value' at position 3 to have type varbinary(255), found type varchar(255).
2020-06-23 20:19:11 760 [ERROR] Incorrect definition of table mysql.column_stats: expected column 'max_value' at position 4 to have type varbinary(255), found type varchar(255).
2020-06-23 20:19:11 760 [ERROR] Incorrect definition of table mysql.column_stats: expected column 'min_value' at position 3 to have type varbinary(255), found type varchar(255).
2020-06-23 20:19:11 760 [ERROR] Incorrect definition of table mysql.column_stats: expected column 'max_value' at position 4 to have type varbinary(255), found type varchar(255).
2020-06-23 20:19:11 760 [ERROR] Incorrect definition of table mysql.column_stats: expected column 'min_value' at position 3 to have type varbinary(255), found type varchar(255).
2020-06-23 20:19:11 760 [ERROR] Incorrect definition of table mysql.column_stats: expected column 'max_value' at position 4 to have type varbinary(255), found type varchar(255).
2020-06-23 20:19:11 760 [ERROR] Incorrect definition of table mysql.column_stats: expected column 'min_value' at position 3 to have type varbinary(255), found type varchar(255).
2020-06-23 20:19:11 760 [ERROR] Incorrect definition of table mysql.column_stats: expected column 'max_value' at position 4 to have type varbinary(255), found type varchar(255).
2020-06-23 20:19:11 760 [ERROR] Incorrect definition of table mysql.column_stats: expected column 'min_value' at position 3 to have type varbinary(255), found type varchar(255).
2020-06-23 20:19:11 760 [ERROR] Incorrect definition of table mysql.column_stats: expected column 'max_value' at position 4 to have type varbinary(255), found type varchar(255).
2020-06-23 20:19:11 760 [ERROR] Incorrect definition of table mysql.column_stats: expected column 'min_value' at position 3 to have type varbinary(255), found type varchar(255).
2020-06-23 20:19:11 760 [ERROR] Incorrect definition of table mysql.column_stats: expected column 'max_value' at position 4 to have type varbinary(255), found type varchar(255).
2020-06-23 20:19:11 760 [ERROR] Incorrect definition of table mysql.column_stats: expected column 'min_value' at position 3 to have type varbinary(255), found type varchar(255).
2020-06-23 20:19:11 760 [ERROR] Incorrect definition of table mysql.column_stats: expected column 'max_value' at position 4 to have type varbinary(255), found type varchar(255).
2020-06-23 20:19:11 760 [ERROR] Incorrect definition of table mysql.column_stats: expected column 'min_value' at position 3 to have type varbinary(255), found type varchar(255).
2020-06-23 20:19:11 760 [ERROR] Incorrect definition of table mysql.column_stats: expected column 'max_value' at position 4 to have type varbinary(255), found type varchar(255).
2020-06-23 20:19:11 760 [ERROR] Incorrect definition of table mysql.column_stats: expected column 'min_value' at position 3 to have type varbinary(255), found type varchar(255).
2020-06-23 20:19:11 760 [ERROR] Incorrect definition of table mysql.column_stats: expected column 'max_value' at position 4 to have type varbinary(255), found type varchar(255).
2020-06-23 20:19:11 760 [ERROR] Incorrect definition of table mysql.column_stats: expected column 'min_value' at position 3 to have type varbinary(255), found type varchar(255).
2020-06-23 20:19:11 760 [ERROR] Incorrect definition of table mysql.column_stats: expected column 'max_value' at position 4 to have type varbinary(255), found type varchar(255).
2020-06-23 20:19:11 760 [ERROR] Incorrect definition of table mysql.column_stats: expected column 'min_value' at position 3 to have type varbinary(255), found type varchar(255).
2020-06-23 20:19:11 760 [ERROR] Incorrect definition of table mysql.column_stats: expected column 'max_value' at position 4 to have type varbinary(255), found type varchar(255).
2020-06-23 20:19:11 760 [ERROR] Incorrect definition of table mysql.column_stats: expected column 'min_value' at position 3 to have type varbinary(255), found type varchar(255).
2020-06-23 20:19:11 760 [ERROR] Incorrect definition of table mysql.column_stats: expected column 'max_value' at position 4 to have type varbinary(255), found type varchar(255).
2020-06-23 20:19:11 760 [ERROR] Incorrect definition of table mysql.column_stats: expected column 'min_value' at position 3 to have type varbinary(255), found type varchar(255).
2020-06-23 20:19:11 760 [ERROR] Incorrect definition of table mysql.column_stats: expected column 'max_value' at position 4 to have type varbinary(255), found type varchar(255).
2020-06-23 20:19:11 760 [ERROR] Incorrect definition of table mysql.column_stats: expected column 'min_value' at position 3 to have type varbinary(255), found type varchar(255).
2020-06-23 20:19:11 760 [ERROR] Incorrect definition of table mysql.column_stats: expected column 'max_value' at position 4 to have type varbinary(255), found type varchar(255).
2020-06-23 20:19:12 760 [ERROR] Incorrect definition of table mysql.column_stats: expected column 'min_value' at position 3 to have type varbinary(255), found type varchar(255).
2020-06-23 20:19:12 760 [ERROR] Incorrect definition of table mysql.column_stats: expected column 'max_value' at position 4 to have type varbinary(255), found type varchar(255).
2020-06-23 20:19:12 760 [ERROR] Incorrect definition of table mysql.column_stats: expected column 'min_value' at position 3 to have type varbinary(255), found type varchar(255).
2020-06-23 20:19:12 760 [ERROR] Incorrect definition of table mysql.column_stats: expected column 'max_value' at position 4 to have type varbinary(255), found type varchar(255).
2020-06-23 20:19:12 760 [ERROR] Incorrect definition of table mysql.column_stats: expected column 'min_value' at position 3 to have type varbinary(255), found type varchar(255).
2020-06-23 20:19:12 760 [ERROR] Incorrect definition of table mysql.column_stats: expected column 'max_value' at position 4 to have type varbinary(255), found type varchar(255).
2020-06-23 20:19:12 760 [ERROR] Incorrect definition of table mysql.column_stats: expected column 'min_value' at position 3 to have type varbinary(255), found type varchar(255).
2020-06-23 20:19:12 760 [ERROR] Incorrect definition of table mysql.column_stats: expected column 'max_value' at position 4 to have type varbinary(255), found type varchar(255).
2020-06-23 20:19:12 760 [ERROR] Incorrect definition of table mysql.column_stats: expected column 'min_value' at position 3 to have type varbinary(255), found type varchar(255).
2020-06-23 20:19:12 760 [ERROR] Incorrect definition of table mysql.column_stats: expected column 'max_value' at position 4 to have type varbinary(255), found type varchar(255).
2020-06-23 20:19:12 760 [ERROR] Incorrect definition of table mysql.column_stats: expected column 'min_value' at position 3 to have type varbinary(255), found type varchar(255).
2020-06-23 20:19:12 760 [ERROR] Incorrect definition of table mysql.column_stats: expected column 'max_value' at position 4 to have type varbinary(255), found type varchar(255).
2020-06-23 20:19:12 760 [ERROR] Incorrect definition of table mysql.column_stats: expected column 'min_value' at position 3 to have type varbinary(255), found type varchar(255).
2020-06-23 20:19:12 760 [ERROR] Incorrect definition of table mysql.column_stats: expected column 'max_value' at position 4 to have type varbinary(255), found type varchar(255).
2020-06-23 20:19:12 760 [ERROR] Incorrect definition of table mysql.column_stats: expected column 'min_value' at position 3 to have type varbinary(255), found type varchar(255).
2020-06-23 20:19:12 760 [ERROR] Incorrect definition of table mysql.column_stats: expected column 'max_value' at position 4 to have type varbinary(255), found type varchar(255).
2020-06-23 20:19:12 760 [ERROR] Incorrect definition of table mysql.column_stats: expected column 'min_value' at position 3 to have type varbinary(255), found type varchar(255).
2020-06-23 20:19:12 760 [ERROR] Incorrect definition of table mysql.column_stats: expected column 'max_value' at position 4 to have type varbinary(255), found type varchar(255).
2020-06-23 20:19:12 760 [ERROR] Incorrect definition of table mysql.column_stats: expected column 'min_value' at position 3 to have type varbinary(255), found type varchar(255).
2020-06-23 20:19:12 760 [ERROR] Incorrect definition of table mysql.column_stats: expected column 'max_value' at position 4 to have type varbinary(255), found type varchar(255).
2020-06-23 20:19:12 760 [ERROR] Incorrect definition of table mysql.column_stats: expected column 'min_value' at position 3 to have type varbinary(255), found type varchar(255).
2020-06-23 20:19:12 760 [ERROR] Incorrect definition of table mysql.column_stats: expected column 'max_value' at position 4 to have type varbinary(255), found type varchar(255).
2020-06-23 20:19:12 760 [ERROR] Incorrect definition of table mysql.column_stats: expected column 'min_value' at position 3 to have type varbinary(255), found type varchar(255).
2020-06-23 20:19:12 760 [ERROR] Incorrect definition of table mysql.column_stats: expected column 'max_value' at position 4 to have type varbinary(255), found type varchar(255).
2020-06-23 20:19:12 760 [ERROR] Incorrect definition of table mysql.column_stats: expected column 'min_value' at position 3 to have type varbinary(255), found type varchar(255).
2020-06-23 20:19:12 760 [ERROR] Incorrect definition of table mysql.column_stats: expected column 'max_value' at position 4 to have type varbinary(255), found type varchar(255).
2020-06-23 20:19:12 760 [ERROR] Incorrect definition of table mysql.column_stats: expected column 'min_value' at position 3 to have type varbinary(255), found type varchar(255).
2020-06-23 20:19:12 760 [ERROR] Incorrect definition of table mysql.column_stats: expected column 'max_value' at position 4 to have type varbinary(255), found type varchar(255).
2020-06-23 20:19:12 760 [ERROR] Incorrect definition of table mysql.column_stats: expected column 'min_value' at position 3 to have type varbinary(255), found type varchar(255).
2020-06-23 20:19:12 760 [ERROR] Incorrect definition of table mysql.column_stats: expected column 'max_value' at position 4 to have type varbinary(255), found type varchar(255).
2020-06-23 20:19:12 760 [ERROR] Incorrect definition of table mysql.column_stats: expected column 'min_value' at position 3 to have type varbinary(255), found type varchar(255).
2020-06-23 20:19:12 760 [ERROR] Incorrect definition of table mysql.column_stats: expected column 'max_value' at position 4 to have type varbinary(255), found type varchar(255).
2020-06-23 20:19:12 760 [ERROR] Incorrect definition of table mysql.column_stats: expected column 'min_value' at position 3 to have type varbinary(255), found type varchar(255).
2020-06-23 20:19:12 760 [ERROR] Incorrect definition of table mysql.column_stats: expected column 'max_value' at position 4 to have type varbinary(255), found type varchar(255).
2020-06-23 20:19:12 760 [ERROR] Incorrect definition of table mysql.column_stats: expected column 'min_value' at position 3 to have type varbinary(255), found type varchar(255).
2020-06-23 20:19:12 760 [ERROR] Incorrect definition of table mysql.column_stats: expected column 'max_value' at position 4 to have type varbinary(255), found type varchar(255).
2020-06-23 20:19:12 760 [ERROR] Incorrect definition of table mysql.column_stats: expected column 'min_value' at position 3 to have type varbinary(255), found type varchar(255).
2020-06-23 20:19:12 760 [ERROR] Incorrect definition of table mysql.column_stats: expected column 'max_value' at position 4 to have type varbinary(255), found type varchar(255).
2020-06-23 20:19:12 760 [ERROR] Incorrect definition of table mysql.column_stats: expected column 'min_value' at position 3 to have type varbinary(255), found type varchar(255).
2020-06-23 20:19:12 760 [ERROR] Incorrect definition of table mysql.column_stats: expected column 'max_value' at position 4 to have type varbinary(255), found type varchar(255).
2020-06-23 20:19:12 760 [ERROR] Incorrect definition of table mysql.column_stats: expected column 'min_value' at position 3 to have type varbinary(255), found type varchar(255).
2020-06-23 20:19:12 760 [ERROR] Incorrect definition of table mysql.column_stats: expected column 'max_value' at position 4 to have type varbinary(255), found type varchar(255).
2020-06-23 20:19:12 760 [ERROR] Incorrect definition of table mysql.column_stats: expected column 'min_value' at position 3 to have type varbinary(255), found type varchar(255).
2020-06-23 20:19:12 760 [ERROR] Incorrect definition of table mysql.column_stats: expected column 'max_value' at position 4 to have type varbinary(255), found type varchar(255).
2020-06-23 20:19:12 760 [ERROR] Incorrect definition of table mysql.column_stats: expected column 'min_value' at position 3 to have type varbinary(255), found type varchar(255).
2020-06-23 20:19:12 760 [ERROR] Incorrect definition of table mysql.column_stats: expected column 'max_value' at position 4 to have type varbinary(255), found type varchar(255).
2020-06-23 20:19:12 760 [ERROR] Incorrect definition of table mysql.column_stats: expected column 'min_value' at position 3 to have type varbinary(255), found type varchar(255).
2020-06-23 20:19:12 760 [ERROR] Incorrect definition of table mysql.column_stats: expected column 'max_value' at position 4 to have type varbinary(255), found type varchar(255).
2020-06-23 20:19:12 760 [ERROR] Incorrect definition of table mysql.column_stats: expected column 'min_value' at position 3 to have type varbinary(255), found type varchar(255).
2020-06-23 20:19:12 760 [ERROR] Incorrect definition of table mysql.column_stats: expected column 'max_value' at position 4 to have type varbinary(255), found type varchar(255).
2020-06-23 20:19:12 760 [ERROR] Incorrect definition of table mysql.column_stats: expected column 'min_value' at position 3 to have type varbinary(255), found type varchar(255).
2020-06-23 20:19:12 760 [ERROR] Incorrect definition of table mysql.column_stats: expected column 'max_value' at position 4 to have type varbinary(255), found type varchar(255).
2020-06-23 20:19:12 760 [ERROR] Incorrect definition of table mysql.column_stats: expected column 'min_value' at position 3 to have type varbinary(255), found type varchar(255).
2020-06-23 20:19:12 760 [ERROR] Incorrect definition of table mysql.column_stats: expected column 'max_value' at position 4 to have type varbinary(255), found type varchar(255).
2020-06-23 20:19:12 760 [ERROR] Incorrect definition of table mysql.column_stats: expected column 'min_value' at position 3 to have type varbinary(255), found type varchar(255).
2020-06-23 20:19:12 760 [ERROR] Incorrect definition of table mysql.column_stats: expected column 'max_value' at position 4 to have type varbinary(255), found type varchar(255).
2020-06-23 20:19:12 760 [ERROR] Incorrect definition of table mysql.column_stats: expected column 'min_value' at position 3 to have type varbinary(255), found type varchar(255).
2020-06-23 20:19:12 760 [ERROR] Incorrect definition of table mysql.column_stats: expected column 'max_value' at position 4 to have type varbinary(255), found type varchar(255).
2020-06-23 20:19:12 760 [ERROR] Incorrect definition of table mysql.column_stats: expected column 'min_value' at position 3 to have type varbinary(255), found type varchar(255).
2020-06-23 20:19:12 760 [ERROR] Incorrect definition of table mysql.column_stats: expected column 'max_value' at position 4 to have type varbinary(255), found type varchar(255).
2020-06-23 20:19:12 760 [ERROR] Incorrect definition of table mysql.column_stats: expected column 'min_value' at position 3 to have type varbinary(255), found type varchar(255).
2020-06-23 20:19:12 760 [ERROR] Incorrect definition of table mysql.column_stats: expected column 'max_value' at position 4 to have type varbinary(255), found type varchar(255).
2020-06-23 20:19:12 760 [ERROR] Incorrect definition of table mysql.column_stats: expected column 'min_value' at position 3 to have type varbinary(255), found type varchar(255).
2020-06-23 20:19:12 760 [ERROR] Incorrect definition of table mysql.column_stats: expected column 'max_value' at position 4 to have type varbinary(255), found type varchar(255).
2020-06-23 20:19:12 760 [ERROR] Incorrect definition of table mysql.column_stats: expected column 'min_value' at position 3 to have type varbinary(255), found type varchar(255).
2020-06-23 20:19:12 760 [ERROR] Incorrect definition of table mysql.column_stats: expected column 'max_value' at position 4 to have type varbinary(255), found type varchar(255).
2020-06-23 20:19:12 760 [ERROR] Incorrect definition of table mysql.column_stats: expected column 'min_value' at position 3 to have type varbinary(255), found type varchar(255).
2020-06-23 20:19:12 760 [ERROR] Incorrect definition of table mysql.column_stats: expected column 'max_value' at position 4 to have type varbinary(255), found type varchar(255).
2020-06-23 20:19:12 760 [ERROR] Incorrect definition of table mysql.column_stats: expected column 'min_value' at position 3 to have type varbinary(255), found type varchar(255).
2020-06-23 20:19:12 760 [ERROR] Incorrect definition of table mysql.column_stats: expected column 'max_value' at position 4 to have type varbinary(255), found type varchar(255).
2020-06-23 20:19:12 760 [ERROR] Incorrect definition of table mysql.column_stats: expected column 'min_value' at position 3 to have type varbinary(255), found type varchar(255).
2020-06-23 20:19:12 760 [ERROR] Incorrect definition of table mysql.column_stats: expected column 'max_value' at position 4 to have type varbinary(255), found type varchar(255).
2020-06-23 20:19:12 760 [ERROR] Incorrect definition of table mysql.column_stats: expected column 'min_value' at position 3 to have type varbinary(255), found type varchar(255).
2020-06-23 20:19:12 760 [ERROR] Incorrect definition of table mysql.column_stats: expected column 'max_value' at position 4 to have type varbinary(255), found type varchar(255).
2020-06-23 20:19:12 760 [ERROR] Incorrect definition of table mysql.column_stats: expected column 'min_value' at position 3 to have type varbinary(255), found type varchar(255).
2020-06-23 20:19:12 760 [ERROR] Incorrect definition of table mysql.column_stats: expected column 'max_value' at position 4 to have type varbinary(255), found type varchar(255).
2020-06-23 20:19:12 760 [ERROR] Incorrect definition of table mysql.column_stats: expected column 'min_value' at position 3 to have type varbinary(255), found type varchar(255).
2020-06-23 20:19:12 760 [ERROR] Incorrect definition of table mysql.column_stats: expected column 'max_value' at position 4 to have type varbinary(255), found type varchar(255).
2020-06-23 20:19:12 760 [ERROR] Incorrect definition of table mysql.column_stats: expected column 'min_value' at position 3 to have type varbinary(255), found type varchar(255).
2020-06-23 20:19:12 760 [ERROR] Incorrect definition of table mysql.column_stats: expected column 'max_value' at position 4 to have type varbinary(255), found type varchar(255).
2020-06-23 20:19:12 760 [ERROR] Incorrect definition of table mysql.column_stats: expected column 'min_value' at position 3 to have type varbinary(255), found type varchar(255).
2020-06-23 20:19:12 760 [ERROR] Incorrect definition of table mysql.column_stats: expected column 'max_value' at position 4 to have type varbinary(255), found type varchar(255).
2020-06-23 20:19:12 760 [ERROR] Incorrect definition of table mysql.column_stats: expected column 'min_value' at position 3 to have type varbinary(255), found type varchar(255).
2020-06-23 20:19:12 760 [ERROR] Incorrect definition of table mysql.column_stats: expected column 'max_value' at position 4 to have type varbinary(255), found type varchar(255).
2020-06-23 20:19:12 760 [ERROR] Incorrect definition of table mysql.column_stats: expected column 'min_value' at position 3 to have type varbinary(255), found type varchar(255).
2020-06-23 20:19:12 760 [ERROR] Incorrect definition of table mysql.column_stats: expected column 'max_value' at position 4 to have type varbinary(255), found type varchar(255).
2020-06-23 20:19:12 760 [ERROR] Incorrect definition of table mysql.column_stats: expected column 'min_value' at position 3 to have type varbinary(255), found type varchar(255).
2020-06-23 20:19:12 760 [ERROR] Incorrect definition of table mysql.column_stats: expected column 'max_value' at position 4 to have type varbinary(255), found type varchar(255).
2020-06-23 20:19:12 760 [ERROR] Incorrect definition of table mysql.column_stats: expected column 'min_value' at position 3 to have type varbinary(255), found type varchar(255).
2020-06-23 20:19:12 760 [ERROR] Incorrect definition of table mysql.column_stats: expected column 'max_value' at position 4 to have type varbinary(255), found type varchar(255).
2020-06-23 20:19:12 760 [ERROR] Incorrect definition of table mysql.column_stats: expected column 'min_value' at position 3 to have type varbinary(255), found type varchar(255).
2020-06-23 20:19:12 760 [ERROR] Incorrect definition of table mysql.column_stats: expected column 'max_value' at position 4 to have type varbinary(255), found type varchar(255).
2020-06-23 20:19:12 760 [ERROR] Incorrect definition of table mysql.column_stats: expected column 'min_value' at position 3 to have type varbinary(255), found type varchar(255).
2020-06-23 20:19:12 760 [ERROR] Incorrect definition of table mysql.column_stats: expected column 'max_value' at position 4 to have type varbinary(255), found type varchar(255).
2020-06-24 17:54:30 1960 [Note] MySQL: Normal shutdown
2020-06-24 17:54:30 1960 [Note] Event Scheduler: Purging the queue. 0 events
2020-06-24 17:54:30 11056 [Note] InnoDB: FTS optimize thread exiting.
2020-06-24 17:54:30 1960 [Note] InnoDB: Starting shutdown...
2020-06-24 17:54:31 1960 [Note] InnoDB: Waiting for page_cleaner to finish flushing of buffer pool
2020-06-24 17:54:32 1960 [Note] InnoDB: Shutdown completed; log sequence number 1835542
2020-06-24 17:54:32 1960 [Note] MySQL: Shutdown complete

2020-06-24 17:54:34 4464 [Note] InnoDB: innodb_empty_free_list_algorithm has been changed to legacy because of small buffer pool size. In order to use backoff, increase buffer pool at least up to 20MB.

2020-06-24 17:54:34 4464 [Note] InnoDB: Using mutexes to ref count buffer pool pages
2020-06-24 17:54:34 4464 [Note] InnoDB: The InnoDB memory heap is disabled
2020-06-24 17:54:34 4464 [Note] InnoDB: Mutexes and rw_locks use Windows interlocked functions
2020-06-24 17:54:34 4464 [Note] InnoDB: _mm_lfence() and _mm_sfence() are used for memory barrier
2020-06-24 17:54:34 4464 [Note] InnoDB: Compressed tables use zlib 1.2.3
2020-06-24 17:54:34 4464 [Note] InnoDB: Using generic crc32 instructions
2020-06-24 17:54:34 4464 [Note] InnoDB: Initializing buffer pool, size = 128.0M
2020-06-24 17:54:34 4464 [Note] InnoDB: Completed initialization of buffer pool
2020-06-24 17:54:34 4464 [Note] InnoDB: Highest supported file format is Barracuda.
2020-06-24 17:54:34 4464 [Note] InnoDB: 128 rollback segment(s) are active.
2020-06-24 17:54:34 4464 [Note] InnoDB: Waiting for purge to start
2020-06-24 17:54:34 4464 [Note] InnoDB:  Percona XtraDB (http://www.percona.com) 5.6.39-83.1 started; log sequence number 1835542
2020-06-24 17:54:34 20652 [Note] InnoDB: Dumping buffer pool(s) not yet started
2020-06-24 17:54:34 4464 [Note] Plugin 'FEEDBACK' is disabled.
2020-06-24 17:54:34 4464 [Note] Server socket created on IP: '::'.
2020-06-24 17:54:34 4464 [Note] MySQL: ready for connections.
Version: '10.1.34-MariaDB'  socket: ''  port: 3306  mariadb.org binary distribution
2020-06-24 22:24:45 14108 [Note] MySQL: Normal shutdown
2020-06-24 22:24:45 14108 [Note] Event Scheduler: Purging the queue. 0 events
2020-06-24 22:24:45 19560 [Note] InnoDB: FTS optimize thread exiting.
2020-06-24 22:24:45 14108 [Note] InnoDB: Starting shutdown...
2020-06-24 22:24:46 14108 [Note] InnoDB: Waiting for page_cleaner to finish flushing of buffer pool
2020-06-24 22:24:47 14108 [Note] InnoDB: Shutdown completed; log sequence number 1835552
2020-06-24 22:24:47 14108 [Note] MySQL: Shutdown complete

2020-06-24 22:24:48 20508 [Note] InnoDB: innodb_empty_free_list_algorithm has been changed to legacy because of small buffer pool size. In order to use backoff, increase buffer pool at least up to 20MB.

2020-06-24 22:24:48 20508 [Note] InnoDB: Using mutexes to ref count buffer pool pages
2020-06-24 22:24:48 20508 [Note] InnoDB: The InnoDB memory heap is disabled
2020-06-24 22:24:48 20508 [Note] InnoDB: Mutexes and rw_locks use Windows interlocked functions
2020-06-24 22:24:48 20508 [Note] InnoDB: _mm_lfence() and _mm_sfence() are used for memory barrier
2020-06-24 22:24:48 20508 [Note] InnoDB: Compressed tables use zlib 1.2.3
2020-06-24 22:24:48 20508 [Note] InnoDB: Using generic crc32 instructions
2020-06-24 22:24:48 20508 [Note] InnoDB: Initializing buffer pool, size = 128.0M
2020-06-24 22:24:48 20508 [Note] InnoDB: Completed initialization of buffer pool
2020-06-24 22:24:48 20508 [Note] InnoDB: Highest supported file format is Barracuda.
2020-06-24 22:24:48 20508 [Note] InnoDB: 128 rollback segment(s) are active.
2020-06-24 22:24:48 20508 [Note] InnoDB: Waiting for purge to start
2020-06-24 22:24:48 20508 [Note] InnoDB:  Percona XtraDB (http://www.percona.com) 5.6.39-83.1 started; log sequence number 1835552
2020-06-24 22:24:48 25156 [Note] InnoDB: Dumping buffer pool(s) not yet started
2020-06-24 22:24:48 20508 [Note] Plugin 'FEEDBACK' is disabled.
2020-06-24 22:24:48 20508 [Note] Server socket created on IP: '::'.
2020-06-24 22:24:48 20508 [Note] MySQL: ready for connections.
Version: '10.1.34-MariaDB'  socket: ''  port: 3306  mariadb.org binary distribution
2020-06-25  9:29:49 21764 [Note] MySQL: Normal shutdown
2020-06-25  9:29:49 21764 [Note] Event Scheduler: Purging the queue. 0 events
2020-06-25  9:29:49 26496 [Note] InnoDB: FTS optimize thread exiting.
2020-06-25  9:29:49 21764 [Note] InnoDB: Starting shutdown...
2020-06-25  9:29:50 21764 [Note] InnoDB: Waiting for page_cleaner to finish flushing of buffer pool
2020-06-25  9:29:51 21764 [Note] InnoDB: Shutdown completed; log sequence number 1835562
2020-06-25  9:29:51 21764 [Note] MySQL: Shutdown complete

2020-06-25  9:31:12 10764 [Note] InnoDB: innodb_empty_free_list_algorithm has been changed to legacy because of small buffer pool size. In order to use backoff, increase buffer pool at least up to 20MB.

2020-06-25  9:31:12 10764 [Note] InnoDB: Using mutexes to ref count buffer pool pages
2020-06-25  9:31:12 10764 [Note] InnoDB: The InnoDB memory heap is disabled
2020-06-25  9:31:12 10764 [Note] InnoDB: Mutexes and rw_locks use Windows interlocked functions
2020-06-25  9:31:12 10764 [Note] InnoDB: _mm_lfence() and _mm_sfence() are used for memory barrier
2020-06-25  9:31:12 10764 [Note] InnoDB: Compressed tables use zlib 1.2.3
2020-06-25  9:31:12 10764 [Note] InnoDB: Using generic crc32 instructions
2020-06-25  9:31:12 10764 [Note] InnoDB: Initializing buffer pool, size = 128.0M
2020-06-25  9:31:12 10764 [Note] InnoDB: Completed initialization of buffer pool
2020-06-25  9:31:12 10764 [Note] InnoDB: Highest supported file format is Barracuda.
2020-06-25  9:31:12 10764 [Note] InnoDB: 128 rollback segment(s) are active.
2020-06-25  9:31:12 10764 [Note] InnoDB: Waiting for purge to start
2020-06-25  9:31:12 10764 [Note] InnoDB:  Percona XtraDB (http://www.percona.com) 5.6.39-83.1 started; log sequence number 1835562
2020-06-25  9:31:12 18160 [Note] InnoDB: Dumping buffer pool(s) not yet started
2020-06-25  9:31:12 10764 [Note] Plugin 'FEEDBACK' is disabled.
2020-06-25  9:31:12 10764 [Note] Server socket created on IP: '::'.
2020-06-25  9:31:12 10764 [Note] MySQL: ready for connections.
Version: '10.1.34-MariaDB'  socket: ''  port: 3306  mariadb.org binary distribution
2020-06-25 10:02:36 2904 [Note] MySQL: Normal shutdown
2020-06-25 10:02:36 2904 [Note] Event Scheduler: Purging the queue. 0 events
2020-06-25 10:02:36 7904 [Note] InnoDB: FTS optimize thread exiting.
2020-06-25 10:02:36 2904 [Note] InnoDB: Starting shutdown...
2020-06-25 10:02:37 2904 [Note] InnoDB: Waiting for page_cleaner to finish flushing of buffer pool
2020-06-25 10:02:38 2904 [Note] InnoDB: Shutdown completed; log sequence number 1835572
2020-06-25 10:02:38 2904 [Note] MySQL: Shutdown complete

2020-06-25 10:03:04 6384 [Note] InnoDB: innodb_empty_free_list_algorithm has been changed to legacy because of small buffer pool size. In order to use backoff, increase buffer pool at least up to 20MB.

2020-06-25 10:03:04 6384 [Note] InnoDB: Using mutexes to ref count buffer pool pages
2020-06-25 10:03:04 6384 [Note] InnoDB: The InnoDB memory heap is disabled
2020-06-25 10:03:04 6384 [Note] InnoDB: Mutexes and rw_locks use Windows interlocked functions
2020-06-25 10:03:04 6384 [Note] InnoDB: _mm_lfence() and _mm_sfence() are used for memory barrier
2020-06-25 10:03:04 6384 [Note] InnoDB: Compressed tables use zlib 1.2.3
2020-06-25 10:03:04 6384 [Note] InnoDB: Using generic crc32 instructions
2020-06-25 10:03:04 6384 [Note] InnoDB: Initializing buffer pool, size = 128.0M
2020-06-25 10:03:04 6384 [Note] InnoDB: Completed initialization of buffer pool
2020-06-25 10:03:04 6384 [Note] InnoDB: Highest supported file format is Barracuda.
2020-06-25 10:03:04 6384 [Note] InnoDB: 128 rollback segment(s) are active.
2020-06-25 10:03:04 6384 [Note] InnoDB: Waiting for purge to start
2020-06-25 10:03:04 6384 [Note] InnoDB:  Percona XtraDB (http://www.percona.com) 5.6.39-83.1 started; log sequence number 1835572
2020-06-25 10:03:04 7040 [Note] InnoDB: Dumping buffer pool(s) not yet started
2020-06-25 10:03:04 6384 [Note] Plugin 'FEEDBACK' is disabled.
2020-06-25 10:03:04 6384 [Note] Server socket created on IP: '::'.
2020-06-25 10:03:04 6384 [Note] MySQL: ready for connections.
Version: '10.1.34-MariaDB'  socket: ''  port: 3306  mariadb.org binary distribution
2020-06-25 22:11:41 4164 [Note] MySQL: Normal shutdown
2020-06-25 22:11:41 4164 [Note] Event Scheduler: Purging the queue. 0 events
2020-06-25 22:11:41 6828 [Note] InnoDB: FTS optimize thread exiting.
2020-06-25 22:11:41 4164 [Note] InnoDB: Starting shutdown...
2020-06-25 22:11:42 4164 [Note] InnoDB: Waiting for page_cleaner to finish flushing of buffer pool
2020-06-25 22:11:43 4164 [Note] InnoDB: Shutdown completed; log sequence number 1835582
2020-06-25 22:11:43 4164 [Note] MySQL: Shutdown complete

2020-06-25 22:12:13 5136 [Note] InnoDB: innodb_empty_free_list_algorithm has been changed to legacy because of small buffer pool size. In order to use backoff, increase buffer pool at least up to 20MB.

2020-06-25 22:12:13 5136 [Note] InnoDB: Using mutexes to ref count buffer pool pages
2020-06-25 22:12:13 5136 [Note] InnoDB: The InnoDB memory heap is disabled
2020-06-25 22:12:13 5136 [Note] InnoDB: Mutexes and rw_locks use Windows interlocked functions
2020-06-25 22:12:13 5136 [Note] InnoDB: _mm_lfence() and _mm_sfence() are used for memory barrier
2020-06-25 22:12:13 5136 [Note] InnoDB: Compressed tables use zlib 1.2.3
2020-06-25 22:12:13 5136 [Note] InnoDB: Using generic crc32 instructions
2020-06-25 22:12:13 5136 [Note] InnoDB: Initializing buffer pool, size = 128.0M
2020-06-25 22:12:13 5136 [Note] InnoDB: Completed initialization of buffer pool
2020-06-25 22:12:13 5136 [Note] InnoDB: Highest supported file format is Barracuda.
2020-06-25 22:12:13 5136 [Note] InnoDB: 128 rollback segment(s) are active.
2020-06-25 22:12:13 5136 [Note] InnoDB: Waiting for purge to start
2020-06-25 22:12:13 5136 [Note] InnoDB:  Percona XtraDB (http://www.percona.com) 5.6.39-83.1 started; log sequence number 1835582
2020-06-25 22:12:13 6736 [Note] InnoDB: Dumping buffer pool(s) not yet started
2020-06-25 22:12:13 5136 [Note] Plugin 'FEEDBACK' is disabled.
2020-06-25 22:12:13 5136 [Note] Server socket created on IP: '::'.
2020-06-25 22:12:13 5136 [Note] MySQL: ready for connections.
Version: '10.1.34-MariaDB'  socket: ''  port: 3306  mariadb.org binary distribution
