[Tue Jun 23 19:35:14.611988 2020] [ssl:warn] [pid 4428:tid 692] AH01909: www.example.com:443:0 server certificate does NOT include an ID which matches the server name
[Tue Jun 23 19:35:14.644901 2020] [ssl:warn] [pid 4428:tid 692] AH01909: www.example.com:443:0 server certificate does NOT include an ID which matches the server name
[Tue Jun 23 19:35:14.669835 2020] [mpm_winnt:notice] [pid 4428:tid 692] AH00455: Apache/2.4.33 (Win32) OpenSSL/1.1.0h PHP/7.2.7 configured -- resuming normal operations
[Tue Jun 23 19:35:14.669835 2020] [mpm_winnt:notice] [pid 4428:tid 692] AH00456: Apache Lounge VC15 Server built: Mar 28 2018 12:12:41
[Tue Jun 23 19:35:14.670864 2020] [core:notice] [pid 4428:tid 692] AH00094: Command line: 'F:\\xampp\\apache\\bin\\httpd.exe -d F:/xampp/apache'
[Tue Jun 23 19:35:14.673849 2020] [mpm_winnt:notice] [pid 4428:tid 692] AH00418: Parent: Created child process 11720
[Tue Jun 23 19:35:15.091706 2020] [ssl:warn] [pid 11720:tid 660] AH01909: www.example.com:443:0 server certificate does NOT include an ID which matches the server name
[Tue Jun 23 19:35:15.117636 2020] [ssl:warn] [pid 11720:tid 660] AH01909: www.example.com:443:0 server certificate does NOT include an ID which matches the server name
[Tue Jun 23 19:35:15.138597 2020] [mpm_winnt:notice] [pid 11720:tid 660] AH00354: Child: Starting 150 worker threads.
[Tue Jun 23 19:35:38.707064 2020] [ssl:warn] [pid 3176:tid 712] AH01909: www.example.com:443:0 server certificate does NOT include an ID which matches the server name
[Tue Jun 23 19:35:38.739804 2020] [ssl:warn] [pid 3176:tid 712] AH01909: www.example.com:443:0 server certificate does NOT include an ID which matches the server name
[Tue Jun 23 19:35:38.759758 2020] [mpm_winnt:notice] [pid 3176:tid 712] AH00455: Apache/2.4.33 (Win32) OpenSSL/1.1.0h PHP/7.2.7 configured -- resuming normal operations
[Tue Jun 23 19:35:38.759758 2020] [mpm_winnt:notice] [pid 3176:tid 712] AH00456: Apache Lounge VC15 Server built: Mar 28 2018 12:12:41
[Tue Jun 23 19:35:38.759758 2020] [core:notice] [pid 3176:tid 712] AH00094: Command line: 'f:\\xampp\\apache\\bin\\httpd.exe -d F:/xampp/apache'
[Tue Jun 23 19:35:38.763732 2020] [mpm_winnt:notice] [pid 3176:tid 712] AH00418: Parent: Created child process 10196
[Tue Jun 23 19:35:39.351224 2020] [ssl:warn] [pid 10196:tid 720] AH01909: www.example.com:443:0 server certificate does NOT include an ID which matches the server name
[Tue Jun 23 19:35:39.384243 2020] [ssl:warn] [pid 10196:tid 720] AH01909: www.example.com:443:0 server certificate does NOT include an ID which matches the server name
[Tue Jun 23 19:35:39.405619 2020] [mpm_winnt:notice] [pid 10196:tid 720] AH00354: Child: Starting 150 worker threads.
[Tue Jun 23 19:37:13.933039 2020] [mpm_winnt:crit] [pid 10196:tid 720] AH02538: Child: Parent process exited abruptly. Child process is ending
[Tue Jun 23 19:37:15.736913 2020] [ssl:warn] [pid 5648:tid 756] AH01909: www.example.com:443:0 server certificate does NOT include an ID which matches the server name
[Tue Jun 23 19:37:15.768652 2020] [core:warn] [pid 5648:tid 756] AH00098: pid file F:/xampp/apache/logs/httpd.pid overwritten -- Unclean shutdown of previous Apache run?
[Tue Jun 23 19:37:15.773280 2020] [ssl:warn] [pid 5648:tid 756] AH01909: www.example.com:443:0 server certificate does NOT include an ID which matches the server name
[Tue Jun 23 19:37:15.792161 2020] [mpm_winnt:notice] [pid 5648:tid 756] AH00455: Apache/2.4.33 (Win32) OpenSSL/1.1.0h PHP/7.2.7 configured -- resuming normal operations
[Tue Jun 23 19:37:15.792161 2020] [mpm_winnt:notice] [pid 5648:tid 756] AH00456: Apache Lounge VC15 Server built: Mar 28 2018 12:12:41
[Tue Jun 23 19:37:15.792161 2020] [core:notice] [pid 5648:tid 756] AH00094: Command line: 'f:\\xampp\\apache\\bin\\httpd.exe -d F:/xampp/apache'
[Tue Jun 23 19:37:15.796150 2020] [mpm_winnt:notice] [pid 5648:tid 756] AH00418: Parent: Created child process 10152
[Tue Jun 23 19:37:16.389203 2020] [ssl:warn] [pid 10152:tid 732] AH01909: www.example.com:443:0 server certificate does NOT include an ID which matches the server name
[Tue Jun 23 19:37:16.428323 2020] [ssl:warn] [pid 10152:tid 732] AH01909: www.example.com:443:0 server certificate does NOT include an ID which matches the server name
[Tue Jun 23 19:37:16.450429 2020] [mpm_winnt:notice] [pid 10152:tid 732] AH00354: Child: Starting 150 worker threads.
[Tue Jun 23 20:38:45.550915 2020] [php7:error] [pid 10152:tid 1972] [client ::1:56297] script 'F:/xampp/htdocs/index.php' not found or unable to stat, referer: http://localhost/index.php?s=/addon/Cms/Cms/lists.html
[Tue Jun 23 20:38:49.056321 2020] [php7:error] [pid 10152:tid 1972] [client ::1:56297] script 'F:/xampp/htdocs/index.php' not found or unable to stat, referer: http://localhost/index.php?s=/addon/Cms/Cms/lists.html
[Tue Jun 23 20:38:50.354889 2020] [php7:error] [pid 10152:tid 1972] [client ::1:56297] script 'F:/xampp/htdocs/index.php' not found or unable to stat, referer: http://localhost/index.php?s=/addon/Cms/Cms/lists.html
[Tue Jun 23 20:39:07.356467 2020] [php7:error] [pid 10152:tid 1972] [client ::1:56311] script 'F:/xampp/htdocs/index.php' not found or unable to stat, referer: http://localhost/index.php?s=/home/index/main.html
[Wed Jun 24 00:44:17.601697 2020] [php7:error] [pid 10152:tid 1964] [client ::1:51207] script 'F:/xampp/htdocs/index.php' not found or unable to stat, referer: http://localhost/index.php?s=/Admin/Config/group.html
[Wed Jun 24 00:44:19.164336 2020] [php7:error] [pid 10152:tid 1964] [client ::1:51207] script 'F:/xampp/htdocs/index.php' not found or unable to stat, referer: http://localhost/index.php?s=/Admin/Config/group.html
[Wed Jun 24 00:44:20.525165 2020] [php7:error] [pid 10152:tid 1964] [client ::1:51207] script 'F:/xampp/htdocs/index.php' not found or unable to stat, referer: http://localhost/index.php?s=/Admin/Config/group.html
[Wed Jun 24 00:44:21.696445 2020] [php7:error] [pid 10152:tid 1964] [client ::1:51207] script 'F:/xampp/htdocs/index.php' not found or unable to stat, referer: http://localhost/index.php?s=/Admin/Config/group.html
[Wed Jun 24 00:44:32.385676 2020] [php7:error] [pid 10152:tid 1980] [client ::1:51220] script 'F:/xampp/htdocs/index.php' not found or unable to stat, referer: http://localhost/index.php?s=/Admin/Config/group.html
[Wed Jun 24 00:44:34.348352 2020] [php7:error] [pid 10152:tid 1980] [client ::1:51220] script 'F:/xampp/htdocs/index.php' not found or unable to stat, referer: http://localhost/index.php?s=/Admin/Config/group.html
[Wed Jun 24 00:44:35.151904 2020] [php7:error] [pid 10152:tid 1980] [client ::1:51220] script 'F:/xampp/htdocs/index.php' not found or unable to stat, referer: http://localhost/index.php?s=/addon/Cms/Cms/lists.html
[Wed Jun 24 00:44:36.368564 2020] [php7:error] [pid 10152:tid 1980] [client ::1:51220] script 'F:/xampp/htdocs/index.php' not found or unable to stat, referer: http://localhost/index.php?s=/Admin/Config/group.html
[Wed Jun 24 00:44:37.028456 2020] [php7:error] [pid 10152:tid 1980] [client ::1:51220] script 'F:/xampp/htdocs/index.php' not found or unable to stat, referer: http://localhost/index.php?s=/Admin/Config/group.html
[Wed Jun 24 14:19:55.972198 2020] [ssl:warn] [pid 19160:tid 684] AH01909: www.example.com:443:0 server certificate does NOT include an ID which matches the server name
[Wed Jun 24 14:19:56.002185 2020] [core:warn] [pid 19160:tid 684] AH00098: pid file F:/xampp/apache/logs/httpd.pid overwritten -- Unclean shutdown of previous Apache run?
[Wed Jun 24 14:19:56.002185 2020] [ssl:warn] [pid 19160:tid 684] AH01909: www.example.com:443:0 server certificate does NOT include an ID which matches the server name
[Wed Jun 24 14:19:56.122085 2020] [mpm_winnt:notice] [pid 19160:tid 684] AH00455: Apache/2.4.33 (Win32) OpenSSL/1.1.0h PHP/7.2.7 configured -- resuming normal operations
[Wed Jun 24 14:19:56.122085 2020] [mpm_winnt:notice] [pid 19160:tid 684] AH00456: Apache Lounge VC15 Server built: Mar 28 2018 12:12:41
[Wed Jun 24 14:19:56.122085 2020] [core:notice] [pid 19160:tid 684] AH00094: Command line: 'f:\\xampp\\apache\\bin\\httpd.exe -d F:/xampp/apache'
[Wed Jun 24 14:19:56.152505 2020] [mpm_winnt:notice] [pid 19160:tid 684] AH00418: Parent: Created child process 8984
[Wed Jun 24 14:19:57.091647 2020] [ssl:warn] [pid 8984:tid 692] AH01909: www.example.com:443:0 server certificate does NOT include an ID which matches the server name
[Wed Jun 24 14:19:57.111595 2020] [ssl:warn] [pid 8984:tid 692] AH01909: www.example.com:443:0 server certificate does NOT include an ID which matches the server name
[Wed Jun 24 14:19:57.131581 2020] [mpm_winnt:notice] [pid 8984:tid 692] AH00354: Child: Starting 150 worker threads.
[Wed Jun 24 14:21:30.297254 2020] [php7:error] [pid 8984:tid 1996] [client ::1:56534] script 'F:/xampp/htdocs/index.php' not found or unable to stat
[Wed Jun 24 14:21:31.546619 2020] [php7:error] [pid 8984:tid 1996] [client ::1:56534] script 'F:/xampp/htdocs/index.php' not found or unable to stat
[Wed Jun 24 14:21:32.136628 2020] [php7:error] [pid 8984:tid 1996] [client ::1:56534] script 'F:/xampp/htdocs/index.php' not found or unable to stat
[Wed Jun 24 14:21:32.316171 2020] [php7:error] [pid 8984:tid 1996] [client ::1:56534] script 'F:/xampp/htdocs/index.php' not found or unable to stat
[Wed Jun 24 17:54:28.604203 2020] [ssl:warn] [pid 20388:tid 692] AH01909: www.example.com:443:0 server certificate does NOT include an ID which matches the server name
[Wed Jun 24 17:54:28.627142 2020] [core:warn] [pid 20388:tid 692] AH00098: pid file F:/xampp/apache/logs/httpd.pid overwritten -- Unclean shutdown of previous Apache run?
[Wed Jun 24 17:54:28.629185 2020] [ssl:warn] [pid 20388:tid 692] AH01909: www.example.com:443:0 server certificate does NOT include an ID which matches the server name
[Wed Jun 24 17:54:28.648085 2020] [mpm_winnt:notice] [pid 20388:tid 692] AH00455: Apache/2.4.33 (Win32) OpenSSL/1.1.0h PHP/7.2.7 configured -- resuming normal operations
[Wed Jun 24 17:54:28.648085 2020] [mpm_winnt:notice] [pid 20388:tid 692] AH00456: Apache Lounge VC15 Server built: Mar 28 2018 12:12:41
[Wed Jun 24 17:54:28.648085 2020] [core:notice] [pid 20388:tid 692] AH00094: Command line: 'f:\\xampp\\apache\\bin\\httpd.exe -d F:/xampp/apache'
[Wed Jun 24 17:54:28.672948 2020] [mpm_winnt:notice] [pid 20388:tid 692] AH00418: Parent: Created child process 20216
[Wed Jun 24 17:54:29.605455 2020] [ssl:warn] [pid 20216:tid 704] AH01909: www.example.com:443:0 server certificate does NOT include an ID which matches the server name
[Wed Jun 24 17:54:29.628428 2020] [ssl:warn] [pid 20216:tid 704] AH01909: www.example.com:443:0 server certificate does NOT include an ID which matches the server name
[Wed Jun 24 17:54:29.649372 2020] [mpm_winnt:notice] [pid 20216:tid 704] AH00354: Child: Starting 150 worker threads.
[Wed Jun 24 20:05:17.763701 2020] [mpm_winnt:crit] [pid 20216:tid 704] AH02538: Child: Parent process exited abruptly. Child process is ending
[Wed Jun 24 20:05:53.409282 2020] [ssl:warn] [pid 16820:tid 684] AH01909: www.example.com:443:0 server certificate does NOT include an ID which matches the server name
[Wed Jun 24 20:05:53.432642 2020] [core:warn] [pid 16820:tid 684] AH00098: pid file F:/xampp/apache/logs/httpd.pid overwritten -- Unclean shutdown of previous Apache run?
[Wed Jun 24 20:05:53.434638 2020] [ssl:warn] [pid 16820:tid 684] AH01909: www.example.com:443:0 server certificate does NOT include an ID which matches the server name
[Wed Jun 24 20:05:53.452623 2020] [mpm_winnt:notice] [pid 16820:tid 684] AH00455: Apache/2.4.33 (Win32) OpenSSL/1.1.0h PHP/7.2.7 configured -- resuming normal operations
[Wed Jun 24 20:05:53.452623 2020] [mpm_winnt:notice] [pid 16820:tid 684] AH00456: Apache Lounge VC15 Server built: Mar 28 2018 12:12:41
[Wed Jun 24 20:05:53.452623 2020] [core:notice] [pid 16820:tid 684] AH00094: Command line: 'f:\\xampp\\apache\\bin\\httpd.exe -d F:/xampp/apache'
[Wed Jun 24 20:05:53.477523 2020] [mpm_winnt:notice] [pid 16820:tid 684] AH00418: Parent: Created child process 24656
[Wed Jun 24 20:05:54.455940 2020] [ssl:warn] [pid 24656:tid 696] AH01909: www.example.com:443:0 server certificate does NOT include an ID which matches the server name
[Wed Jun 24 20:05:54.478845 2020] [ssl:warn] [pid 24656:tid 696] AH01909: www.example.com:443:0 server certificate does NOT include an ID which matches the server name
[Wed Jun 24 20:05:54.499789 2020] [mpm_winnt:notice] [pid 24656:tid 696] AH00354: Child: Starting 150 worker threads.
[Wed Jun 24 22:24:47.873517 2020] [ssl:warn] [pid 19232:tid 696] AH01909: www.example.com:443:0 server certificate does NOT include an ID which matches the server name
[Wed Jun 24 22:24:47.896456 2020] [core:warn] [pid 19232:tid 696] AH00098: pid file F:/xampp/apache/logs/httpd.pid overwritten -- Unclean shutdown of previous Apache run?
[Wed Jun 24 22:24:47.897485 2020] [ssl:warn] [pid 19232:tid 696] AH01909: www.example.com:443:0 server certificate does NOT include an ID which matches the server name
[Wed Jun 24 22:24:47.939917 2020] [mpm_winnt:notice] [pid 19232:tid 696] AH00455: Apache/2.4.33 (Win32) OpenSSL/1.1.0h PHP/7.2.7 configured -- resuming normal operations
[Wed Jun 24 22:24:47.939917 2020] [mpm_winnt:notice] [pid 19232:tid 696] AH00456: Apache Lounge VC15 Server built: Mar 28 2018 12:12:41
[Wed Jun 24 22:24:47.939917 2020] [core:notice] [pid 19232:tid 696] AH00094: Command line: 'f:\\xampp\\apache\\bin\\httpd.exe -d F:/xampp/apache'
[Wed Jun 24 22:24:47.969137 2020] [mpm_winnt:notice] [pid 19232:tid 696] AH00418: Parent: Created child process 21500
[Wed Jun 24 22:24:48.918549 2020] [ssl:warn] [pid 21500:tid 692] AH01909: www.example.com:443:0 server certificate does NOT include an ID which matches the server name
[Wed Jun 24 22:24:48.944479 2020] [ssl:warn] [pid 21500:tid 692] AH01909: www.example.com:443:0 server certificate does NOT include an ID which matches the server name
[Wed Jun 24 22:24:48.967418 2020] [mpm_winnt:notice] [pid 21500:tid 692] AH00354: Child: Starting 150 worker threads.
[Thu Jun 25 09:29:49.283431 2020] [ssl:warn] [pid 18556:tid 684] AH01909: www.example.com:443:0 server certificate does NOT include an ID which matches the server name
[Thu Jun 25 09:29:49.308364 2020] [core:warn] [pid 18556:tid 684] AH00098: pid file F:/xampp/apache/logs/httpd.pid overwritten -- Unclean shutdown of previous Apache run?
[Thu Jun 25 09:29:49.310359 2020] [ssl:warn] [pid 18556:tid 684] AH01909: www.example.com:443:0 server certificate does NOT include an ID which matches the server name
[Thu Jun 25 09:29:49.333298 2020] [mpm_winnt:notice] [pid 18556:tid 684] AH00455: Apache/2.4.33 (Win32) OpenSSL/1.1.0h PHP/7.2.7 configured -- resuming normal operations
[Thu Jun 25 09:29:49.333298 2020] [mpm_winnt:notice] [pid 18556:tid 684] AH00456: Apache Lounge VC15 Server built: Mar 28 2018 12:12:41
[Thu Jun 25 09:29:49.333298 2020] [core:notice] [pid 18556:tid 684] AH00094: Command line: 'f:\\xampp\\apache\\bin\\httpd.exe -d F:/xampp/apache'
[Thu Jun 25 09:29:49.357234 2020] [mpm_winnt:notice] [pid 18556:tid 684] AH00418: Parent: Created child process 18488
[Thu Jun 25 09:29:50.435350 2020] [ssl:warn] [pid 18488:tid 700] AH01909: www.example.com:443:0 server certificate does NOT include an ID which matches the server name
[Thu Jun 25 09:29:50.460283 2020] [ssl:warn] [pid 18488:tid 700] AH01909: www.example.com:443:0 server certificate does NOT include an ID which matches the server name
[Thu Jun 25 09:29:50.483256 2020] [mpm_winnt:notice] [pid 18488:tid 700] AH00354: Child: Starting 150 worker threads.
[Thu Jun 25 10:15:21.024769 2020] [ssl:warn] [pid 11188:tid 700] AH01909: www.example.com:443:0 server certificate does NOT include an ID which matches the server name
[Thu Jun 25 10:15:21.054680 2020] [core:warn] [pid 11188:tid 700] AH00098: pid file F:/xampp/apache/logs/httpd.pid overwritten -- Unclean shutdown of previous Apache run?
[Thu Jun 25 10:15:21.055677 2020] [ssl:warn] [pid 11188:tid 700] AH01909: www.example.com:443:0 server certificate does NOT include an ID which matches the server name
[Thu Jun 25 10:15:21.138455 2020] [mpm_winnt:notice] [pid 11188:tid 700] AH00455: Apache/2.4.33 (Win32) OpenSSL/1.1.0h PHP/7.2.7 configured -- resuming normal operations
[Thu Jun 25 10:15:21.138455 2020] [mpm_winnt:notice] [pid 11188:tid 700] AH00456: Apache Lounge VC15 Server built: Mar 28 2018 12:12:41
[Thu Jun 25 10:15:21.139453 2020] [core:notice] [pid 11188:tid 700] AH00094: Command line: 'f:\\xampp\\apache\\bin\\httpd.exe -d F:/xampp/apache'
[Thu Jun 25 10:15:21.280133 2020] [mpm_winnt:notice] [pid 11188:tid 700] AH00418: Parent: Created child process 15456
[Thu Jun 25 10:15:22.851871 2020] [ssl:warn] [pid 15456:tid 692] AH01909: www.example.com:443:0 server certificate does NOT include an ID which matches the server name
[Thu Jun 25 10:15:22.876805 2020] [ssl:warn] [pid 15456:tid 692] AH01909: www.example.com:443:0 server certificate does NOT include an ID which matches the server name
[Thu Jun 25 10:15:22.900741 2020] [mpm_winnt:notice] [pid 15456:tid 692] AH00354: Child: Starting 150 worker threads.
